wkpush/build/intermediates/manifest_merge_blame_file/debug/manifest-merger-blame-debug-report.txt
1<?xml version="1.0" encoding="utf-8"?>
2<manifest xmlns:android="http://schemas.android.com/apk/res/android"
3    package="com.chat.push" >
4
5    <uses-sdk android:minSdkVersion="23" />
5-->src/main/AndroidManifest.xml
6
7    <uses-permission android:name="com.coloros.mcs.permission.RECIEVE_MCS_MESSAGE" />
7-->src/main/AndroidManifest.xml:3:5-86
7-->src/main/AndroidManifest.xml:3:22-83
8    <uses-permission android:name="com.heytap.mcs.permission.RECIEVE_MCS_MESSAGE" />
8-->src/main/AndroidManifest.xml:4:5-85
8-->src/main/AndroidManifest.xml:4:22-82
9
10    <application
10-->src/main/AndroidManifest.xml:6:5-124:19
11        android:allowBackup="true"
11-->src/main/AndroidManifest.xml:7:9-35
12        android:supportsRtl="true" >
12-->src/main/AndroidManifest.xml:8:9-35
13
14        <!-- =================华为推送服务================================== -->
15        <service
15-->src/main/AndroidManifest.xml:11:9-17:19
16            android:name="com.chat.push.push.HuaweiHmsMessageService"
16-->src/main/AndroidManifest.xml:12:13-57
17            android:exported="false" >
17-->src/main/AndroidManifest.xml:13:13-37
18            <intent-filter>
18-->src/main/AndroidManifest.xml:14:13-16:29
19                <action android:name="com.huawei.push.action.MESSAGING_EVENT" />
19-->src/main/AndroidManifest.xml:15:17-81
19-->src/main/AndroidManifest.xml:15:25-78
20            </intent-filter>
21        </service>
22        <!-- =================华为推送服务END================================== -->
23        <!-- ************************小米push配置*************************** -->
24        <service
24-->src/main/AndroidManifest.xml:20:9-23:46
25            android:name="com.xiaomi.push.service.XMPushService"
25-->src/main/AndroidManifest.xml:21:13-65
26            android:enabled="true"
26-->src/main/AndroidManifest.xml:22:13-35
27            android:process=":pushservice" />
27-->src/main/AndroidManifest.xml:23:13-43
28        <service
28-->src/main/AndroidManifest.xml:25:9-30:46
29            android:name="com.xiaomi.push.service.XMJobService"
29-->src/main/AndroidManifest.xml:26:13-64
30            android:enabled="true"
30-->src/main/AndroidManifest.xml:27:13-35
31            android:exported="false"
31-->src/main/AndroidManifest.xml:28:13-37
32            android:permission="android.permission.BIND_JOB_SERVICE"
32-->src/main/AndroidManifest.xml:29:13-69
33            android:process=":pushservice" /> <!-- 注：此service必须在3.0.1版本以后（包括3.0.1版本）加入 -->
33-->src/main/AndroidManifest.xml:30:13-43
34
35        <service
35-->src/main/AndroidManifest.xml:32:9-35:39
36            android:name="com.xiaomi.mipush.sdk.PushMessageHandler"
36-->src/main/AndroidManifest.xml:33:13-68
37            android:enabled="true"
37-->src/main/AndroidManifest.xml:34:13-35
38            android:exported="true" />
38-->src/main/AndroidManifest.xml:35:13-36
39        <service
39-->src/main/AndroidManifest.xml:37:9-39:38
40            android:name="com.xiaomi.mipush.sdk.MessageHandleService"
40-->src/main/AndroidManifest.xml:38:13-70
41            android:enabled="true" /> <!-- 注：此service必须在2.2.5版本以后（包括2.2.5版本）加入 -->
41-->src/main/AndroidManifest.xml:39:13-35
42        <receiver
42-->src/main/AndroidManifest.xml:40:9-48:20
43            android:name="com.xiaomi.push.service.receivers.NetworkStatusReceiver"
43-->src/main/AndroidManifest.xml:41:13-83
44            android:exported="true" >
44-->src/main/AndroidManifest.xml:42:13-36
45            <intent-filter>
45-->src/main/AndroidManifest.xml:44:13-47:29
46                <action android:name="android.net.conn.CONNECTIVITY_CHANGE" />
46-->src/main/AndroidManifest.xml:45:17-79
46-->src/main/AndroidManifest.xml:45:25-76
47
48                <category android:name="android.intent.category.DEFAULT" />
48-->src/main/AndroidManifest.xml:46:17-76
48-->src/main/AndroidManifest.xml:46:27-73
49            </intent-filter>
50        </receiver>
51        <receiver
51-->src/main/AndroidManifest.xml:50:9-57:20
52            android:name="com.xiaomi.push.service.receivers.PingReceiver"
52-->src/main/AndroidManifest.xml:51:13-74
53            android:exported="false"
53-->src/main/AndroidManifest.xml:52:13-37
54            android:process=":pushservice" >
54-->src/main/AndroidManifest.xml:53:13-43
55            <intent-filter>
55-->src/main/AndroidManifest.xml:54:13-56:29
56                <action android:name="com.xiaomi.push.PING_TIMER" />
56-->src/main/AndroidManifest.xml:55:17-69
56-->src/main/AndroidManifest.xml:55:25-66
57            </intent-filter>
58        </receiver>
59        <receiver
59-->src/main/AndroidManifest.xml:59:9-72:20
60            android:name="com.chat.push.push.XiaoMiMessageReceiver"
60-->src/main/AndroidManifest.xml:60:13-55
61            android:exported="true" >
61-->src/main/AndroidManifest.xml:61:13-36
62
63            <!-- 这里com.xiaomi.mipushdemo.DemoMessageRreceiver改成app中定义的完整类名 -->
64            <intent-filter>
64-->src/main/AndroidManifest.xml:63:13-65:29
65                <action android:name="com.xiaomi.mipush.RECEIVE_MESSAGE" />
65-->src/main/AndroidManifest.xml:64:17-76
65-->src/main/AndroidManifest.xml:64:25-73
66            </intent-filter>
67            <intent-filter>
67-->src/main/AndroidManifest.xml:66:13-68:29
68                <action android:name="com.xiaomi.mipush.MESSAGE_ARRIVED" />
68-->src/main/AndroidManifest.xml:67:17-76
68-->src/main/AndroidManifest.xml:67:25-73
69            </intent-filter>
70            <intent-filter>
70-->src/main/AndroidManifest.xml:69:13-71:29
71                <action android:name="com.xiaomi.mipush.ERROR" />
71-->src/main/AndroidManifest.xml:70:17-66
71-->src/main/AndroidManifest.xml:70:25-63
72            </intent-filter>
73        </receiver>
74        <!-- ************************小米push配置END*************************** -->
75
76
77        <!-- oppo -->
78        <service
78-->src/main/AndroidManifest.xml:76:9-83:19
79            android:name="com.chat.push.push.OPPOPushMessageService"
79-->src/main/AndroidManifest.xml:77:13-56
80            android:exported="true"
80-->src/main/AndroidManifest.xml:78:13-36
81            android:permission="com.coloros.mcs.permission.SEND_MCS_MESSAGE" >
81-->src/main/AndroidManifest.xml:79:13-77
82            <intent-filter>
82-->src/main/AndroidManifest.xml:80:13-82:29
83                <action android:name="com.coloros.mcs.action.RECEIVE_MCS_MESSAGE" />
83-->src/main/AndroidManifest.xml:81:17-85
83-->src/main/AndroidManifest.xml:81:25-82
84            </intent-filter>
85        </service>
86        <service
86-->src/main/AndroidManifest.xml:85:9-93:19
87            android:name="com.chat.push.push.OPPOAppPushMessageService"
87-->src/main/AndroidManifest.xml:86:13-59
88            android:exported="true"
88-->src/main/AndroidManifest.xml:87:13-36
89            android:permission="com.heytap.mcs.permission.SEND_PUSH_MESSAGE" >
89-->src/main/AndroidManifest.xml:88:13-77
90            <intent-filter>
90-->src/main/AndroidManifest.xml:89:13-92:29
91                <action android:name="com.heytap.mcs.action.RECEIVE_MCS_MESSAGE" />
91-->src/main/AndroidManifest.xml:90:17-84
91-->src/main/AndroidManifest.xml:90:25-81
92                <action android:name="com.heytap.msp.push.RECEIVE_MCS_MESSAGE" />
92-->src/main/AndroidManifest.xml:91:17-82
92-->src/main/AndroidManifest.xml:91:25-79
93            </intent-filter>
94        </service>
95        <!-- 华为 -->
96        <meta-data
96-->src/main/AndroidManifest.xml:95:9-97:41
97            android:name="com.huawei.hms.client.appid"
97-->src/main/AndroidManifest.xml:96:13-55
98            android:value="108677047" />
98-->src/main/AndroidManifest.xml:97:13-38
99
100        <!-- vivo -->
101        <meta-data
101-->src/main/AndroidManifest.xml:100:9-102:35
102            android:name="sdk_version_vivo"
102-->src/main/AndroidManifest.xml:101:13-44
103            android:value="484" />
103-->src/main/AndroidManifest.xml:102:13-32
104        <meta-data
104-->src/main/AndroidManifest.xml:103:9-105:64
105            android:name="com.vivo.push.api_key"
105-->src/main/AndroidManifest.xml:104:13-49
106            android:value="d14dac0803bc8470d9ace9e29657a160" />
106-->src/main/AndroidManifest.xml:105:13-61
107        <meta-data
107-->src/main/AndroidManifest.xml:107:9-109:41
108            android:name="com.vivo.push.app_id"
108-->src/main/AndroidManifest.xml:108:13-48
109            android:value="105660344" />
109-->src/main/AndroidManifest.xml:109:13-38
110
111        <!-- push应用定义消息receiver声明 -->
112        <receiver
112-->src/main/AndroidManifest.xml:112:9-119:20
113            android:name="com.chat.push.push.VivoPushMessageReceiverImpl"
113-->src/main/AndroidManifest.xml:113:13-74
114            android:exported="false" >
114-->src/main/AndroidManifest.xml:114:13-37
115            <intent-filter>
115-->src/main/AndroidManifest.xml:115:13-118:29
116
117                <!-- 接收push消息 -->
118                <action android:name="com.vivo.pushclient.action.RECEIVE" />
118-->src/main/AndroidManifest.xml:117:17-77
118-->src/main/AndroidManifest.xml:117:25-74
119            </intent-filter>
120        </receiver>
121
122        <service
122-->src/main/AndroidManifest.xml:120:9-123:71
123            android:name="com.vivo.push.sdk.service.CommandClientService"
123-->src/main/AndroidManifest.xml:121:13-74
124            android:exported="true"
124-->src/main/AndroidManifest.xml:122:13-36
125            android:permission="com.push.permission.UPSTAGESERVICE" />
125-->src/main/AndroidManifest.xml:123:13-68
126    </application>
127
128</manifest>